[debug] [2023-04-27T02:54:19.228Z] ----------------------------------------------------------------------
[debug] [2023-04-27T02:54:19.230Z] Command:       /usr/local/bin/node /usr/local/bin/firebase deploy
[debug] [2023-04-27T02:54:19.231Z] CLI Version:   11.29.0
[debug] [2023-04-27T02:54:19.231Z] Platform:      darwin
[debug] [2023-04-27T02:54:19.231Z] Node Version:  v18.13.0
[debug] [2023-04-27T02:54:19.233Z] Time:          Wed Apr 26 2023 22:54:19 GMT-0400 (Eastern Daylight Time)
[debug] [2023-04-27T02:54:19.233Z] ----------------------------------------------------------------------
[debug] 
[debug] [2023-04-27T02:54:19.328Z] Field ".hosting" in "firebase.json" is possibly invalid: should be object
[debug] [2023-04-27T02:54:19.328Z] Object ".hosting[0]" in "firebase.json" is missing required property: {"missingProperty":"target"}
[debug] [2023-04-27T02:54:19.328Z] Object ".hosting[0]" in "firebase.json" is missing required property: {"missingProperty":"site"}
[debug] [2023-04-27T02:54:19.328Z] Field ".hosting[0]" in "firebase.json" is possibly invalid: should match some schema in anyOf
[debug] [2023-04-27T02:54:19.329Z] Field ".hosting" in "firebase.json" is possibly invalid: should match some schema in anyOf
[debug] [2023-04-27T02:54:19.336Z] > command requires scopes: ["email","openid","https://www.googleapis.com/auth/cloudplatformprojects.readonly","https://www.googleapis.com/auth/firebase","https://www.googleapis.com/auth/cloud-platform"]
[debug] [2023-04-27T02:54:19.336Z] > authorizing via signed-in user (gem00018@mix.wvu.edu)
[debug] [2023-04-27T02:54:19.336Z] [iam] checking project speedrun-app-ce1b6 for permissions ["firebase.projects.get","firebasehosting.sites.update"]
[debug] [2023-04-27T02:54:19.338Z] > refreshing access token with scopes: []
[debug] [2023-04-27T02:54:19.340Z] >>> [apiv2][query] POST https://www.googleapis.com/oauth2/v3/token [none]
[debug] [2023-04-27T02:54:19.341Z] >>> [apiv2][body] POST https://www.googleapis.com/oauth2/v3/token [omitted]
[debug] [2023-04-27T02:54:19.693Z] <<< [apiv2][status] POST https://www.googleapis.com/oauth2/v3/token 200
[debug] [2023-04-27T02:54:19.693Z] <<< [apiv2][body] POST https://www.googleapis.com/oauth2/v3/token [omitted]
[debug] [2023-04-27T02:54:19.729Z] >>> [apiv2][query] POST https://cloudresourcemanager.googleapis.com/v1/projects/speedrun-app-ce1b6:testIamPermissions [none]
[debug] [2023-04-27T02:54:19.729Z] >>> [apiv2][(partial)header] POST https://cloudresourcemanager.googleapis.com/v1/projects/speedrun-app-ce1b6:testIamPermissions x-goog-quota-user=projects/speedrun-app-ce1b6
[debug] [2023-04-27T02:54:19.730Z] >>> [apiv2][body] POST https://cloudresourcemanager.googleapis.com/v1/projects/speedrun-app-ce1b6:testIamPermissions {"permissions":["firebase.projects.get","firebasehosting.sites.update"]}
[debug] [2023-04-27T02:54:20.024Z] <<< [apiv2][status] POST https://cloudresourcemanager.googleapis.com/v1/projects/speedrun-app-ce1b6:testIamPermissions 200
[debug] [2023-04-27T02:54:20.025Z] <<< [apiv2][body] POST https://cloudresourcemanager.googleapis.com/v1/projects/speedrun-app-ce1b6:testIamPermissions {"permissions":["firebase.projects.get","firebasehosting.sites.update"]}
[debug] [2023-04-27T02:54:20.027Z] >>> [apiv2][query] GET https://firebase.googleapis.com/v1beta1/projects/speedrun-app-ce1b6 [none]
[debug] [2023-04-27T02:54:20.522Z] <<< [apiv2][status] GET https://firebase.googleapis.com/v1beta1/projects/speedrun-app-ce1b6 200
[debug] [2023-04-27T02:54:20.522Z] <<< [apiv2][body] GET https://firebase.googleapis.com/v1beta1/projects/speedrun-app-ce1b6 {"projectId":"speedrun-app-ce1b6","projectNumber":"99214238608","displayName":"Speedrun-app","name":"projects/speedrun-app-ce1b6","resources":{"hostingSite":"speedrun-app-ce1b6","realtimeDatabaseInstance":"speedrun-app-ce1b6-default-rtdb"},"state":"ACTIVE","etag":"1_8abc2073-5088-41d7-a711-bc678ee518f0"}
[info] 
[info] === Deploying to 'speedrun-app-ce1b6'...
[info] 
[info] i  deploying hosting 
[debug] [2023-04-27T02:54:20.527Z] Specified "public" directory "dist\hello-world-app" does not exist; Deploy to Hosting site "" may fail or be empty.
[error] 
[error] Error: Assertion failed: resolving hosting target of a site with no site name or target name. This should have caused an error earlier
[debug] [2023-04-27T03:01:11.587Z] ----------------------------------------------------------------------
[debug] [2023-04-27T03:01:11.590Z] Command:       /usr/local/bin/node /usr/local/bin/firebase deploy
[debug] [2023-04-27T03:01:11.590Z] CLI Version:   11.29.0
[debug] [2023-04-27T03:01:11.590Z] Platform:      darwin
[debug] [2023-04-27T03:01:11.591Z] Node Version:  v18.13.0
[debug] [2023-04-27T03:01:11.592Z] Time:          Wed Apr 26 2023 23:01:11 GMT-0400 (Eastern Daylight Time)
[debug] [2023-04-27T03:01:11.593Z] ----------------------------------------------------------------------
[debug] 
[debug] [2023-04-27T03:01:11.686Z] Field ".hosting" in "firebase.json" is possibly invalid: should be object
[debug] [2023-04-27T03:01:11.686Z] Object ".hosting[0]" in "firebase.json" is missing required property: {"missingProperty":"target"}
[debug] [2023-04-27T03:01:11.686Z] Object ".hosting[0]" in "firebase.json" is missing required property: {"missingProperty":"site"}
[debug] [2023-04-27T03:01:11.687Z] Field ".hosting[0]" in "firebase.json" is possibly invalid: should match some schema in anyOf
[debug] [2023-04-27T03:01:11.687Z] Field ".hosting" in "firebase.json" is possibly invalid: should match some schema in anyOf
[debug] [2023-04-27T03:01:11.694Z] > command requires scopes: ["email","openid","https://www.googleapis.com/auth/cloudplatformprojects.readonly","https://www.googleapis.com/auth/firebase","https://www.googleapis.com/auth/cloud-platform"]
[debug] [2023-04-27T03:01:11.694Z] > authorizing via signed-in user (gem00018@mix.wvu.edu)
[debug] [2023-04-27T03:01:11.695Z] [iam] checking project speedrun-app-ce1b6 for permissions ["firebase.projects.get","firebasehosting.sites.update"]
[debug] [2023-04-27T03:01:11.698Z] >>> [apiv2][query] POST https://cloudresourcemanager.googleapis.com/v1/projects/speedrun-app-ce1b6:testIamPermissions [none]
[debug] [2023-04-27T03:01:11.698Z] >>> [apiv2][(partial)header] POST https://cloudresourcemanager.googleapis.com/v1/projects/speedrun-app-ce1b6:testIamPermissions x-goog-quota-user=projects/speedrun-app-ce1b6
[debug] [2023-04-27T03:01:11.698Z] >>> [apiv2][body] POST https://cloudresourcemanager.googleapis.com/v1/projects/speedrun-app-ce1b6:testIamPermissions {"permissions":["firebase.projects.get","firebasehosting.sites.update"]}
[debug] [2023-04-27T03:01:12.114Z] <<< [apiv2][status] POST https://cloudresourcemanager.googleapis.com/v1/projects/speedrun-app-ce1b6:testIamPermissions 200
[debug] [2023-04-27T03:01:12.114Z] <<< [apiv2][body] POST https://cloudresourcemanager.googleapis.com/v1/projects/speedrun-app-ce1b6:testIamPermissions {"permissions":["firebase.projects.get","firebasehosting.sites.update"]}
[debug] [2023-04-27T03:01:12.116Z] >>> [apiv2][query] GET https://firebase.googleapis.com/v1beta1/projects/speedrun-app-ce1b6 [none]
[debug] [2023-04-27T03:01:12.482Z] <<< [apiv2][status] GET https://firebase.googleapis.com/v1beta1/projects/speedrun-app-ce1b6 200
[debug] [2023-04-27T03:01:12.482Z] <<< [apiv2][body] GET https://firebase.googleapis.com/v1beta1/projects/speedrun-app-ce1b6 {"projectId":"speedrun-app-ce1b6","projectNumber":"99214238608","displayName":"Speedrun-app","name":"projects/speedrun-app-ce1b6","resources":{"hostingSite":"speedrun-app-ce1b6","realtimeDatabaseInstance":"speedrun-app-ce1b6-default-rtdb"},"state":"ACTIVE","etag":"1_8abc2073-5088-41d7-a711-bc678ee518f0"}
[info] 
[info] === Deploying to 'speedrun-app-ce1b6'...
[info] 
[info] i  deploying hosting 
[debug] [2023-04-27T03:01:12.489Z] Specified "public" directory "dist\hello-world-app" does not exist; Deploy to Hosting site "" may fail or be empty.
[error] 
[error] Error: Assertion failed: resolving hosting target of a site with no site name or target name. This should have caused an error earlier
[debug] [2023-04-27T03:03:33.829Z] ----------------------------------------------------------------------
[debug] [2023-04-27T03:03:33.832Z] Command:       /usr/local/bin/node /usr/local/bin/firebase deploy
[debug] [2023-04-27T03:03:33.832Z] CLI Version:   11.29.0
[debug] [2023-04-27T03:03:33.833Z] Platform:      darwin
[debug] [2023-04-27T03:03:33.833Z] Node Version:  v18.13.0
[debug] [2023-04-27T03:03:33.835Z] Time:          Wed Apr 26 2023 23:03:33 GMT-0400 (Eastern Daylight Time)
[debug] [2023-04-27T03:03:33.835Z] ----------------------------------------------------------------------
[debug] 
[debug] [2023-04-27T03:03:33.928Z] Field ".hosting" in "firebase.json" is possibly invalid: should be object
[debug] [2023-04-27T03:03:33.929Z] Object ".hosting[0]" in "firebase.json" is missing required property: {"missingProperty":"target"}
[debug] [2023-04-27T03:03:33.929Z] Object ".hosting[0]" in "firebase.json" is missing required property: {"missingProperty":"site"}
[debug] [2023-04-27T03:03:33.929Z] Field ".hosting[0]" in "firebase.json" is possibly invalid: should match some schema in anyOf
[debug] [2023-04-27T03:03:33.929Z] Field ".hosting" in "firebase.json" is possibly invalid: should match some schema in anyOf
[debug] [2023-04-27T03:03:33.936Z] > command requires scopes: ["email","openid","https://www.googleapis.com/auth/cloudplatformprojects.readonly","https://www.googleapis.com/auth/firebase","https://www.googleapis.com/auth/cloud-platform"]
[debug] [2023-04-27T03:03:33.936Z] > authorizing via signed-in user (gem00018@mix.wvu.edu)
[debug] [2023-04-27T03:03:33.936Z] [iam] checking project speedrun-app-ce1b6 for permissions ["firebase.projects.get","firebasehosting.sites.update"]
[debug] [2023-04-27T03:03:33.939Z] >>> [apiv2][query] POST https://cloudresourcemanager.googleapis.com/v1/projects/speedrun-app-ce1b6:testIamPermissions [none]
[debug] [2023-04-27T03:03:33.939Z] >>> [apiv2][(partial)header] POST https://cloudresourcemanager.googleapis.com/v1/projects/speedrun-app-ce1b6:testIamPermissions x-goog-quota-user=projects/speedrun-app-ce1b6
[debug] [2023-04-27T03:03:33.940Z] >>> [apiv2][body] POST https://cloudresourcemanager.googleapis.com/v1/projects/speedrun-app-ce1b6:testIamPermissions {"permissions":["firebase.projects.get","firebasehosting.sites.update"]}
[debug] [2023-04-27T03:03:34.306Z] <<< [apiv2][status] POST https://cloudresourcemanager.googleapis.com/v1/projects/speedrun-app-ce1b6:testIamPermissions 200
[debug] [2023-04-27T03:03:34.307Z] <<< [apiv2][body] POST https://cloudresourcemanager.googleapis.com/v1/projects/speedrun-app-ce1b6:testIamPermissions {"permissions":["firebase.projects.get","firebasehosting.sites.update"]}
[debug] [2023-04-27T03:03:34.308Z] >>> [apiv2][query] GET https://firebase.googleapis.com/v1beta1/projects/speedrun-app-ce1b6 [none]
[debug] [2023-04-27T03:03:34.746Z] <<< [apiv2][status] GET https://firebase.googleapis.com/v1beta1/projects/speedrun-app-ce1b6 200
[debug] [2023-04-27T03:03:34.746Z] <<< [apiv2][body] GET https://firebase.googleapis.com/v1beta1/projects/speedrun-app-ce1b6 {"projectId":"speedrun-app-ce1b6","projectNumber":"99214238608","displayName":"Speedrun-app","name":"projects/speedrun-app-ce1b6","resources":{"hostingSite":"speedrun-app-ce1b6","realtimeDatabaseInstance":"speedrun-app-ce1b6-default-rtdb"},"state":"ACTIVE","etag":"1_8abc2073-5088-41d7-a711-bc678ee518f0"}
[info] 
[info] === Deploying to 'speedrun-app-ce1b6'...
[info] 
[info] i  deploying hosting 
[debug] [2023-04-27T03:03:34.752Z] Specified "public" directory "dist\hello-world-app" does not exist; Deploy to Hosting site "" may fail or be empty.
[error] 
[error] Error: Assertion failed: resolving hosting target of a site with no site name or target name. This should have caused an error earlier
[debug] [2023-04-27T03:06:17.455Z] ----------------------------------------------------------------------
[debug] [2023-04-27T03:06:17.457Z] Command:       /usr/local/bin/node /usr/local/bin/firebase deploy
[debug] [2023-04-27T03:06:17.458Z] CLI Version:   11.29.0
[debug] [2023-04-27T03:06:17.458Z] Platform:      darwin
[debug] [2023-04-27T03:06:17.458Z] Node Version:  v18.13.0
[debug] [2023-04-27T03:06:17.460Z] Time:          Wed Apr 26 2023 23:06:17 GMT-0400 (Eastern Daylight Time)
[debug] [2023-04-27T03:06:17.460Z] ----------------------------------------------------------------------
[debug] 
[debug] [2023-04-27T03:06:17.555Z] Field ".hosting" in "firebase.json" is possibly invalid: should be object
[debug] [2023-04-27T03:06:17.556Z] Object ".hosting[0]" in "firebase.json" is missing required property: {"missingProperty":"target"}
[debug] [2023-04-27T03:06:17.556Z] Object ".hosting[0]" in "firebase.json" is missing required property: {"missingProperty":"site"}
[debug] [2023-04-27T03:06:17.556Z] Field ".hosting[0]" in "firebase.json" is possibly invalid: should match some schema in anyOf
[debug] [2023-04-27T03:06:17.556Z] Field ".hosting" in "firebase.json" is possibly invalid: should match some schema in anyOf
[debug] [2023-04-27T03:06:17.563Z] > command requires scopes: ["email","openid","https://www.googleapis.com/auth/cloudplatformprojects.readonly","https://www.googleapis.com/auth/firebase","https://www.googleapis.com/auth/cloud-platform"]
[debug] [2023-04-27T03:06:17.564Z] > authorizing via signed-in user (gem00018@mix.wvu.edu)
[debug] [2023-04-27T03:06:17.564Z] [iam] checking project speedrun-app-ce1b6 for permissions ["firebase.projects.get","firebasehosting.sites.update"]
[debug] [2023-04-27T03:06:17.567Z] >>> [apiv2][query] POST https://cloudresourcemanager.googleapis.com/v1/projects/speedrun-app-ce1b6:testIamPermissions [none]
[debug] [2023-04-27T03:06:17.567Z] >>> [apiv2][(partial)header] POST https://cloudresourcemanager.googleapis.com/v1/projects/speedrun-app-ce1b6:testIamPermissions x-goog-quota-user=projects/speedrun-app-ce1b6
[debug] [2023-04-27T03:06:17.567Z] >>> [apiv2][body] POST https://cloudresourcemanager.googleapis.com/v1/projects/speedrun-app-ce1b6:testIamPermissions {"permissions":["firebase.projects.get","firebasehosting.sites.update"]}
[debug] [2023-04-27T03:06:17.934Z] <<< [apiv2][status] POST https://cloudresourcemanager.googleapis.com/v1/projects/speedrun-app-ce1b6:testIamPermissions 200
[debug] [2023-04-27T03:06:17.935Z] <<< [apiv2][body] POST https://cloudresourcemanager.googleapis.com/v1/projects/speedrun-app-ce1b6:testIamPermissions {"permissions":["firebase.projects.get","firebasehosting.sites.update"]}
[debug] [2023-04-27T03:06:17.936Z] >>> [apiv2][query] GET https://firebase.googleapis.com/v1beta1/projects/speedrun-app-ce1b6 [none]
[debug] [2023-04-27T03:06:18.311Z] <<< [apiv2][status] GET https://firebase.googleapis.com/v1beta1/projects/speedrun-app-ce1b6 200
[debug] [2023-04-27T03:06:18.312Z] <<< [apiv2][body] GET https://firebase.googleapis.com/v1beta1/projects/speedrun-app-ce1b6 {"projectId":"speedrun-app-ce1b6","projectNumber":"99214238608","displayName":"Speedrun-app","name":"projects/speedrun-app-ce1b6","resources":{"hostingSite":"speedrun-app-ce1b6","realtimeDatabaseInstance":"speedrun-app-ce1b6-default-rtdb"},"state":"ACTIVE","etag":"1_8abc2073-5088-41d7-a711-bc678ee518f0"}
[info] 
[info] === Deploying to 'speedrun-app-ce1b6'...
[info] 
[info] i  deploying hosting 
[debug] [2023-04-27T03:06:18.317Z] Specified "public" directory "dist\hello-world-app" does not exist; Deploy to Hosting site "" may fail or be empty.
[error] 
[error] Error: Assertion failed: resolving hosting target of a site with no site name or target name. This should have caused an error earlier
